<?xml version="1.0" encoding="UTF-8"?>
<!-- Generated by org.testng.reporters.JUnitXMLReporter -->
<testsuite hostname="LAPTOP-IKGRIVOR" ignored="0" name="Validating login functionality" tests="2" failures="0" timestamp="13 Jan 2021 13:07:55 GMT" time="29.249" errors="0">
  <testcase name="test" time="19.058" classname="Framework.rahulshetty.Loginfunction"/>
  <testcase name="test" time="5.42" classname="Framework.rahulshetty.Loginfunction"/>
</testsuite> <!-- Validating login functionality -->
