<?xml version="1.0" encoding="UTF-8"?>
<!-- Generated by org.testng.reporters.JUnitXMLReporter -->
<testsuite hostname="LAPTOP-IKGRIVOR" ignored="0" name="Test" tests="3" failures="0" timestamp="13 Jan 2021 08:13:53 GMT" time="37.797" errors="0">
  <testcase name="test" time="14.845" classname="Framework.rahulshetty.Homepage"/>
  <testcase name="test" time="10.887" classname="Framework.rahulshetty.Loginfunction"/>
  <testcase name="test" time="2.739" classname="Framework.rahulshetty.Loginfunction"/>
</testsuite> <!-- Test -->
