<?xml version="1.0" encoding="UTF-8"?>
<testng-results skipped="0" failed="0" ignored="0" total="3" passed="3">
  <reporter-output>
  </reporter-output>
  <suite name="Suite" duration-ms="50716" started-at="2021-01-13T13:07:04Z" finished-at="2021-01-13T13:07:55Z">
    <groups>
    </groups>
    <test name="validating home page" duration-ms="20716" started-at="2021-01-13T13:07:04Z" finished-at="2021-01-13T13:07:25Z">
      <class name="Framework.rahulshetty.Homepage">
        <test-method status="PASS" signature="initialize()[pri:0, instance:Framework.rahulshetty.Homepage@29215f06]" name="initialize" is-config="true" duration-ms="10980" started-at="2021-01-13T13:07:04Z" finished-at="2021-01-13T13:07:15Z">
          <reporter-output>
          </reporter-output>
        </test-method> <!-- initialize -->
        <test-method status="PASS" signature="test()[pri:0, instance:Framework.rahulshetty.Homepage@29215f06]" name="test" duration-ms="9238" started-at="2021-01-13T13:07:16Z" finished-at="2021-01-13T13:07:25Z">
          <reporter-output>
          </reporter-output>
        </test-method> <!-- test -->
        <test-method status="PASS" signature="close()[pri:0, instance:Framework.rahulshetty.Homepage@29215f06]" name="close" is-config="true" duration-ms="226" started-at="2021-01-13T13:07:25Z" finished-at="2021-01-13T13:07:25Z">
          <reporter-output>
          </reporter-output>
        </test-method> <!-- close -->
      </class> <!-- Framework.rahulshetty.Homepage -->
    </test> <!-- validating home page -->
    <test name="Validating login functionality" duration-ms="29249" started-at="2021-01-13T13:07:26Z" finished-at="2021-01-13T13:07:55Z">
      <class name="Framework.rahulshetty.Loginfunction">
        <test-method status="PASS" signature="initialize()[pri:0, instance:Framework.rahulshetty.Loginfunction@4a883b15]" name="initialize" is-config="true" duration-ms="4664" started-at="2021-01-13T13:07:26Z" finished-at="2021-01-13T13:07:31Z">
          <reporter-output>
          </reporter-output>
        </test-method> <!-- initialize -->
        <test-method status="PASS" signature="test(java.lang.String, java.lang.String)[pri:0, instance:Framework.rahulshetty.Loginfunction@4a883b15]" name="test" duration-ms="19058" started-at="2021-01-13T13:07:31Z" data-provider="login" finished-at="2021-01-13T13:07:50Z">
          <params>
            <param index="0">
              <value>
                <![CDATA[aggarwal]]>
              </value>
            </param>
            <param index="1">
              <value>
                <![CDATA[vipul]]>
              </value>
            </param>
          </params>
          <reporter-output>
          </reporter-output>
        </test-method> <!-- test -->
        <test-method status="PASS" signature="test(java.lang.String, java.lang.String)[pri:0, instance:Framework.rahulshetty.Loginfunction@4a883b15]" name="test" duration-ms="5420" started-at="2021-01-13T13:07:50Z" data-provider="login" finished-at="2021-01-13T13:07:55Z">
          <params>
            <param index="0">
              <value>
                <![CDATA[dhfkj]]>
              </value>
            </param>
            <param index="1">
              <value>
                <![CDATA[sljdhsku]]>
              </value>
            </param>
          </params>
          <reporter-output>
          </reporter-output>
        </test-method> <!-- test -->
        <test-method status="PASS" signature="close()[pri:0, instance:Framework.rahulshetty.Loginfunction@4a883b15]" name="close" is-config="true" duration-ms="96" started-at="2021-01-13T13:07:55Z" finished-at="2021-01-13T13:07:55Z">
          <reporter-output>
          </reporter-output>
        </test-method> <!-- close -->
      </class> <!-- Framework.rahulshetty.Loginfunction -->
    </test> <!-- Validating login functionality -->
  </suite> <!-- Suite -->
</testng-results>
